<?xml version="1.0" encoding="UTF-8"?>
<testsuite name="de.n26.codechallenge.service.TransactionServiceTest" tests="1" skipped="0" failures="0" errors="0" timestamp="2018-03-13T09:39:27" hostname="Vostok6" time="0.02">
  <properties/>
  <testcase name="testInsertion" classname="de.n26.codechallenge.service.TransactionServiceTest" time="0.02"/>
  <system-out><![CDATA[10:39:23.922 [Test worker] DEBUG org.springframework.test.context.junit4.SpringJUnit4ClassRunner - SpringJUnit4ClassRunner constructor called with [class de.n26.codechallenge.service.TransactionServiceTest]
10:39:23.928 [Test worker] DEBUG org.springframework.test.context.BootstrapUtils - Instantiating CacheAwareContextLoaderDelegate from class [org.springframework.test.context.cache.DefaultCacheAwareContextLoaderDelegate]
10:39:23.939 [Test worker] DEBUG org.springframework.test.context.BootstrapUtils - Instantiating BootstrapContext using constructor [public org.springframework.test.context.support.DefaultBootstrapContext(java.lang.Class,org.springframework.test.context.CacheAwareContextLoaderDelegate)]
10:39:23.951 [Test worker] DEBUG org.springframework.test.context.BootstrapUtils - Instantiating TestContextBootstrapper for test class [de.n26.codechallenge.service.TransactionServiceTest] from class [org.springframework.test.context.support.DefaultTestContextBootstrapper]
10:39:23.981 [Test worker] DEBUG org.springframework.test.context.support.DefaultTestContextBootstrapper - Found explicit ContextLoader class [org.springframework.boot.test.SpringApplicationContextLoader] for context configuration attributes [ContextConfigurationAttributes@54e12e13 declaringClass = 'de.n26.codechallenge.service.TransactionServiceTest', classes = '{class de.n26.codechallenge.AppRunner}', locations = '{}', inheritLocations = true, initializers = '{}', inheritInitializers = true, name = [null], contextLoaderClass = 'org.springframework.boot.test.SpringApplicationContextLoader']
10:39:23.991 [Test worker] DEBUG org.springframework.test.context.support.AbstractContextLoader - Did not detect default resource location for test class [de.n26.codechallenge.service.TransactionServiceTest]: class path resource [de/n26/codechallenge/service/TransactionServiceTest-context.xml] does not exist
10:39:23.992 [Test worker] DEBUG org.springframework.test.context.support.AbstractContextLoader - Did not detect default resource location for test class [de.n26.codechallenge.service.TransactionServiceTest]: class path resource [de/n26/codechallenge/service/TransactionServiceTestContext.groovy] does not exist
10:39:23.993 [Test worker] INFO org.springframework.test.context.support.AbstractContextLoader - Could not detect default resource locations for test class [de.n26.codechallenge.service.TransactionServiceTest]: no resource found for suffixes {-context.xml, Context.groovy}.
10:39:24.054 [Test worker] DEBUG org.springframework.test.context.support.ActiveProfilesUtils - Could not find an 'annotation declaring class' for annotation type [org.springframework.test.context.ActiveProfiles] and class [de.n26.codechallenge.service.TransactionServiceTest]
10:39:24.056 [Test worker] DEBUG org.springframework.test.context.support.DefaultTestContextBootstrapper - @TestExecutionListeners is not present for class [de.n26.codechallenge.service.TransactionServiceTest]: using defaults.
10:39:24.064 [Test worker] INFO org.springframework.test.context.support.DefaultTestContextBootstrapper - Loaded default TestExecutionListener class names from location [META-INF/spring.factories]: [org.springframework.boot.test.mock.mockito.MockitoTestExecutionListener, org.springframework.boot.test.mock.mockito.ResetMocksTestExecutionListener, org.springframework.boot.test.autoconfigure.restdocs.RestDocsTestExecutionListener, org.springframework.boot.test.autoconfigure.web.client.MockRestServiceServerResetTestExecutionListener, org.springframework.boot.test.autoconfigure.web.servlet.MockMvcPrintOnlyOnFailureTestExecutionListener, org.springframework.boot.test.autoconfigure.web.servlet.WebDriverTestExecutionListener, org.springframework.test.context.web.ServletTestExecutionListener, org.springframework.test.context.support.DirtiesContextBeforeModesTestExecutionListener, org.springframework.test.context.support.DependencyInjectionTestExecutionListener, org.springframework.test.context.support.DirtiesContextTestExecutionListener, org.springframework.test.context.transaction.TransactionalTestExecutionListener, org.springframework.test.context.jdbc.SqlScriptsTestExecutionListener]
10:39:24.082 [Test worker] INFO org.springframework.test.context.support.DefaultTestContextBootstrapper - Could not instantiate TestExecutionListener [org.springframework.test.context.transaction.TransactionalTestExecutionListener]. Specify custom listener classes or make the default listener classes (and their required dependencies) available. Offending class: [org/springframework/transaction/TransactionDefinition]
10:39:24.085 [Test worker] INFO org.springframework.test.context.support.DefaultTestContextBootstrapper - Could not instantiate TestExecutionListener [org.springframework.test.context.jdbc.SqlScriptsTestExecutionListener]. Specify custom listener classes or make the default listener classes (and their required dependencies) available. Offending class: [org/springframework/transaction/interceptor/TransactionAttribute]
10:39:24.087 [Test worker] INFO org.springframework.test.context.support.DefaultTestContextBootstrapper - Using TestExecutionListeners: [org.springframework.test.context.web.ServletTestExecutionListener@5e79d051, org.springframework.test.context.support.DirtiesContextBeforeModesTestExecutionListener@5c404cc2, org.springframework.test.context.support.DependencyInjectionTestExecutionListener@157eb1fc, org.springframework.test.context.support.DirtiesContextTestExecutionListener@1f1e7513, org.springframework.boot.test.autoconfigure.web.servlet.WebDriverTestExecutionListener@f75c5f9, org.springframework.boot.test.autoconfigure.web.servlet.MockMvcPrintOnlyOnFailureTestExecutionListener@518dbe89, org.springframework.boot.test.mock.mockito.MockitoTestExecutionListener@319c0415, org.springframework.boot.test.autoconfigure.restdocs.RestDocsTestExecutionListener@5d4659d8, org.springframework.boot.test.mock.mockito.ResetMocksTestExecutionListener@7cbd0584, org.springframework.boot.test.autoconfigure.web.client.MockRestServiceServerResetTestExecutionListener@4078956c]
10:39:24.100 [Test worker] DEBUG org.springframework.test.annotation.ProfileValueUtils - Retrieved @ProfileValueSourceConfiguration [null] for test class [de.n26.codechallenge.service.TransactionServiceTest]
10:39:24.101 [Test worker] DEBUG org.springframework.test.annotation.ProfileValueUtils - Retrieved ProfileValueSource type [class org.springframework.test.annotation.SystemProfileValueSource] for class [de.n26.codechallenge.service.TransactionServiceTest]
10:39:24.104 [Test worker] DEBUG org.springframework.test.annotation.ProfileValueUtils - Retrieved @ProfileValueSourceConfiguration [null] for test class [de.n26.codechallenge.service.TransactionServiceTest]
10:39:24.105 [Test worker] DEBUG org.springframework.test.annotation.ProfileValueUtils - Retrieved ProfileValueSource type [class org.springframework.test.annotation.SystemProfileValueSource] for class [de.n26.codechallenge.service.TransactionServiceTest]
10:39:24.110 [Test worker] DEBUG org.springframework.test.context.support.AbstractDirtiesContextTestExecutionListener - Before test class: context [DefaultTestContext@59671ec7 testClass = TransactionServiceTest, testInstance = [null], testMethod = [null], testException = [null], mergedContextConfiguration = [MergedContextConfiguration@435d032e testClass = TransactionServiceTest, locations = '{}', classes = '{class de.n26.codechallenge.AppRunner}', contextInitializerClasses = '[]', activeProfiles = '{}', propertySourceLocations = '{}', propertySourceProperties = '{}', contextCustomizers = set[org.springframework.boot.test.context.filter.ExcludeFilterContextCustomizer@76a0c233, org.springframework.boot.test.mock.mockito.MockitoContextCustomizer@0, org.springframework.boot.test.autoconfigure.properties.PropertyMappingContextCustomizer@0, org.springframework.boot.test.autoconfigure.web.servlet.WebDriverContextCustomizerFactory$Customizer@7439c6d1], contextLoader = 'org.springframework.boot.test.SpringApplicationContextLoader', parent = [null]]], class annotated with @DirtiesContext [false] with mode [null].
10:39:24.111 [Test worker] DEBUG org.springframework.test.annotation.ProfileValueUtils - Retrieved @ProfileValueSourceConfiguration [null] for test class [de.n26.codechallenge.service.TransactionServiceTest]
10:39:24.113 [Test worker] DEBUG org.springframework.test.annotation.ProfileValueUtils - Retrieved ProfileValueSource type [class org.springframework.test.annotation.SystemProfileValueSource] for class [de.n26.codechallenge.service.TransactionServiceTest]
10:39:24.116 [Test worker] DEBUG org.springframework.test.context.support.DependencyInjectionTestExecutionListener - Performing dependency injection for test context [[DefaultTestContext@59671ec7 testClass = TransactionServiceTest, testInstance = de.n26.codechallenge.service.TransactionServiceTest@7c06c2, testMethod = [null], testException = [null], mergedContextConfiguration = [MergedContextConfiguration@435d032e testClass = TransactionServiceTest, locations = '{}', classes = '{class de.n26.codechallenge.AppRunner}', contextInitializerClasses = '[]', activeProfiles = '{}', propertySourceLocations = '{}', propertySourceProperties = '{}', contextCustomizers = set[org.springframework.boot.test.context.filter.ExcludeFilterContextCustomizer@76a0c233, org.springframework.boot.test.mock.mockito.MockitoContextCustomizer@0, org.springframework.boot.test.autoconfigure.properties.PropertyMappingContextCustomizer@0, org.springframework.boot.test.autoconfigure.web.servlet.WebDriverContextCustomizerFactory$Customizer@7439c6d1], contextLoader = 'org.springframework.boot.test.SpringApplicationContextLoader', parent = [null]]]].
10:39:24.202 [Test worker] DEBUG org.springframework.core.env.StandardEnvironment - Adding [systemProperties] PropertySource with lowest search precedence
10:39:24.202 [Test worker] DEBUG org.springframework.core.env.StandardEnvironment - Adding [systemEnvironment] PropertySource with lowest search precedence
10:39:24.203 [Test worker] DEBUG org.springframework.core.env.StandardEnvironment - Initialized StandardEnvironment with PropertySources [systemProperties,systemEnvironment]
10:39:24.205 [Test worker] DEBUG org.springframework.core.env.StandardEnvironment - Adding [integrationTest] PropertySource with search precedence immediately lower than [systemEnvironment]

  .   ____          _            __ _ _
 /\\ / ___'_ __ _ _(_)_ __  __ _ \ \ \ \
( ( )\___ | '_ | '_| | '_ \/ _` | \ \ \ \
 \\/  ___)| |_)| | | | | || (_| |  ) ) ) )
  '  |____| .__|_| |_|_| |_\__, | / / / /
 =========|_|==============|___/=/_/_/_/
 :: Spring Boot ::        (v1.4.2.RELEASE)

2018-03-13 10:39:24.927  INFO 12511 --- [    Test worker] d.n.c.service.TransactionServiceTest     : Starting TransactionServiceTest on Vostok6 with PID 12511 (started by luca in /home/luca/PersonalProjects/statisticviewer)
2018-03-13 10:39:24.928  INFO 12511 --- [    Test worker] d.n.c.service.TransactionServiceTest     : No active profile set, falling back to default profiles: default
2018-03-13 10:39:25.003  INFO 12511 --- [    Test worker] s.c.a.AnnotationConfigApplicationContext : Refreshing org.springframework.context.annotation.AnnotationConfigApplicationContext@258adeaf: startup date [Tue Mar 13 10:39:24 CET 2018]; root of context hierarchy
2018-03-13 10:39:27.318  INFO 12511 --- [    Test worker] d.n.c.service.TransactionServiceTest     : Started TransactionServiceTest in 3.111 seconds (JVM running for 4.485)
]]></system-out>
  <system-err><![CDATA[]]></system-err>
</testsuite>
